<?xml version="1.0" encoding="UTF-8"?>
<testsuite name="dev.roam.rtp.SamplerTest" tests="5" skipped="0" failures="0" errors="0" timestamp="2026-09-20T09:25:47.702Z" hostname="GROOVIFIED" time="0.036">
  <properties/>
  <testcase name="evenSpreadCoversTheAreaEvenly()" classname="dev.roam.rtp.SamplerTest" time="0.008"/>
  <testcase name="circlePointsStayInTheRing()" classname="dev.roam.rtp.SamplerTest" time="0.012"/>
  <testcase name="squarePointsStayInTheRing()" classname="dev.roam.rtp.SamplerTest" time="0.007"/>
  <testcase name="squarePointsReachAllFourSides()" classname="dev.roam.rtp.SamplerTest" time="0.001"/>
  <testcase name="gaussianBunchesPointsAroundTheChosenDistance()" classname="dev.roam.rtp.SamplerTest" time="0.005"/>
  <system-out><![CDATA[]]></system-out>
  <system-err><![CDATA[]]></system-err>
</testsuite>
