<?xml version="1.0" encoding="UTF-8"?>
<testsuite name="dev.roam.config.LayersTest" tests="5" skipped="0" failures="0" errors="0" timestamp="2026-09-20T09:25:45.635Z" hostname="GROOVIFIED" time="0.069">
  <properties/>
  <testcase name="booleansAcceptYesAndNo()" classname="dev.roam.config.LayersTest" time="0.059"/>
  <testcase name="listsAndSectionsComeFromTheFirstLayerThatHasThem()" classname="dev.roam.config.LayersTest" time="0.004"/>
  <testcase name="mostSpecificLayerWinsPerSetting()" classname="dev.roam.config.LayersTest" time="0.001"/>
  <testcase name="missingAndBrokenValuesUseTheFallback()" classname="dev.roam.config.LayersTest" time="0.001"/>
  <testcase name="numbersAreReadWhateverWayTheyAreWritten()" classname="dev.roam.config.LayersTest" time="0.002"/>
  <system-out><![CDATA[]]></system-out>
  <system-err><![CDATA[]]></system-err>
</testsuite>
