<?xml version="1.0" encoding="UTF-8"?>
<testsuite name="dev.roam.rtp.SamplerTest" tests="5" skipped="0" failures="0" errors="0" timestamp="2026-09-20T09:50:06.822Z" hostname="GROOVIFIED" time="0.045">
  <properties/>
  <testcase name="evenSpreadCoversTheAreaEvenly()" classname="dev.roam.rtp.SamplerTest" time="0.009"/>
  <testcase name="circlePointsStayInTheRing()" classname="dev.roam.rtp.SamplerTest" time="0.017"/>
  <testcase name="squarePointsStayInTheRing()" classname="dev.roam.rtp.SamplerTest" time="0.009"/>
  <testcase name="squarePointsReachAllFourSides()" classname="dev.roam.rtp.SamplerTest" time="0.001"/>
  <testcase name="gaussianBunchesPointsAroundTheChosenDistance()" classname="dev.roam.rtp.SamplerTest" time="0.006"/>
  <system-out><![CDATA[]]></system-out>
  <system-err><![CDATA[]]></system-err>
</testsuite>
