<?xml version="1.0" encoding="UTF-8"?>
<testsuite name="dev.roam.rtp.CooldownStoreTest" tests="4" skipped="0" failures="0" errors="0" timestamp="2026-09-20T09:25:45.707Z" hostname="GROOVIFIED" time="0.049">
  <properties/>
  <testcase name="cooldownsSurviveARestart()" classname="dev.roam.rtp.CooldownStoreTest" time="0.034"/>
  <testcase name="clearRemovesTheCooldown()" classname="dev.roam.rtp.CooldownStoreTest" time="0.004"/>
  <testcase name="oneCooldownForAllWorldsUnlessPerWorld()" classname="dev.roam.rtp.CooldownStoreTest" time="0.004"/>
  <testcase name="cooldownCountsDown()" classname="dev.roam.rtp.CooldownStoreTest" time="0.005"/>
  <system-out><![CDATA[]]></system-out>
  <system-err><![CDATA[]]></system-err>
</testsuite>
