<?xml version="1.0" encoding="UTF-8"?>
<testsuite name="dev.roam.rtp.RtpFlowTest" tests="5" skipped="0" failures="0" errors="0" timestamp="2026-09-20T09:50:04.838Z" hostname="GROOVIFIED" time="1.983">
  <properties/>
  <testcase name="anUnknownWorldIsReported()" classname="dev.roam.rtp.RtpFlowTest" time="1.877"/>
  <testcase name="aDisabledWorldIsRefused()" classname="dev.roam.rtp.RtpFlowTest" time="0.029"/>
  <testcase name="aCooldownStopsTheTeleportAndSaysHowLongIsLeft()" classname="dev.roam.rtp.RtpFlowTest" time="0.027"/>
  <testcase name="aPlayerWithoutTheUsePermissionIsTurnedAway()" classname="dev.roam.rtp.RtpFlowTest" time="0.026"/>
  <testcase name="worldPermissionsOnlyApplyWhenTurnedOn()" classname="dev.roam.rtp.RtpFlowTest" time="0.023"/>
  <system-out><![CDATA[]]></system-out>
  <system-err><![CDATA[SLF4J(W): No SLF4J providers were found.
SLF4J(W): Defaulting to no-operation (NOP) logger implementation
SLF4J(W): See https://www.slf4j.org/codes.html#noProviders for further details.
[15:20:06 WARNING]: worlds.world_nether is set up, but no world with that name is loaded (names are case sensitive on some systems).
[15:20:06 WARNING]: worlds.world_the_end is set up, but no world with that name is loaded (names are case sensitive on some systems).
[15:20:06 WARNING]: worlds.world_nether is set up, but no world with that name is loaded (names are case sensitive on some systems).
[15:20:06 WARNING]: worlds.world_the_end is set up, but no world with that name is loaded (names are case sensitive on some systems).
[15:20:06 WARNING]: worlds.world_nether is set up, but no world with that name is loaded (names are case sensitive on some systems).
[15:20:06 WARNING]: worlds.world_the_end is set up, but no world with that name is loaded (names are case sensitive on some systems).
[15:20:06 WARNING]: worlds.world_nether is set up, but no world with that name is loaded (names are case sensitive on some systems).
[15:20:06 WARNING]: worlds.world_the_end is set up, but no world with that name is loaded (names are case sensitive on some systems).
[15:20:06 WARNING]: worlds.world_nether is set up, but no world with that name is loaded (names are case sensitive on some systems).
[15:20:06 WARNING]: worlds.world_the_end is set up, but no world with that name is loaded (names are case sensitive on some systems).
]]></system-err>
</testsuite>
