<?xml version="1.0" encoding="UTF-8"?>
<testsuite name="dev.roam.rtp.RtpFlowTest" tests="5" skipped="0" failures="0" errors="0" timestamp="2026-09-20T09:25:45.762Z" hostname="GROOVIFIED" time="1.939">
  <properties/>
  <testcase name="anUnknownWorldIsReported()" classname="dev.roam.rtp.RtpFlowTest" time="1.835"/>
  <testcase name="aDisabledWorldIsRefused()" classname="dev.roam.rtp.RtpFlowTest" time="0.028"/>
  <testcase name="aCooldownStopsTheTeleportAndSaysHowLongIsLeft()" classname="dev.roam.rtp.RtpFlowTest" time="0.026"/>
  <testcase name="aPlayerWithoutTheUsePermissionIsTurnedAway()" classname="dev.roam.rtp.RtpFlowTest" time="0.023"/>
  <testcase name="worldPermissionsOnlyApplyWhenTurnedOn()" classname="dev.roam.rtp.RtpFlowTest" time="0.024"/>
  <system-out><![CDATA[]]></system-out>
  <system-err><![CDATA[SLF4J(W): No SLF4J providers were found.
SLF4J(W): Defaulting to no-operation (NOP) logger implementation
SLF4J(W): See https://www.slf4j.org/codes.html#noProviders for further details.
[14:55:47 WARNING]: worlds.world_nether is set up, but no world with that name is loaded (names are case sensitive on some systems).
[14:55:47 WARNING]: worlds.world_the_end is set up, but no world with that name is loaded (names are case sensitive on some systems).
[14:55:47 WARNING]: worlds.world_nether is set up, but no world with that name is loaded (names are case sensitive on some systems).
[14:55:47 WARNING]: worlds.world_the_end is set up, but no world with that name is loaded (names are case sensitive on some systems).
[14:55:47 WARNING]: worlds.world_nether is set up, but no world with that name is loaded (names are case sensitive on some systems).
[14:55:47 WARNING]: worlds.world_the_end is set up, but no world with that name is loaded (names are case sensitive on some systems).
[14:55:47 WARNING]: worlds.world_nether is set up, but no world with that name is loaded (names are case sensitive on some systems).
[14:55:47 WARNING]: worlds.world_the_end is set up, but no world with that name is loaded (names are case sensitive on some systems).
[14:55:47 WARNING]: worlds.world_nether is set up, but no world with that name is loaded (names are case sensitive on some systems).
[14:55:47 WARNING]: worlds.world_the_end is set up, but no world with that name is loaded (names are case sensitive on some systems).
]]></system-err>
</testsuite>
