<?xml version="1.0" encoding="UTF-8"?>
<testsuite name="dev.roam.TimeFormatAndMessagesTest" tests="2" skipped="0" failures="0" errors="0" timestamp="2026-09-20T09:50:04.588Z" hostname="GROOVIFIED" time="0.112">
  <properties/>
  <testcase name="timeIsShort()" classname="dev.roam.TimeFormatAndMessagesTest" time="0.027"/>
  <testcase name="oldColourCodesBecomeTags()" classname="dev.roam.TimeFormatAndMessagesTest" time="0.07"/>
  <system-out><![CDATA[]]></system-out>
  <system-err><![CDATA[]]></system-err>
</testsuite>
